0 info it worked if it ends with ok
1 verbose cli [ '/home/vagrant/.nvm/versions/node/v6.3.1/bin/node',
1 verbose cli   '/home/vagrant/.nvm/versions/node/v6.3.1/bin/npm',
1 verbose cli   'install',
1 verbose cli   'path/to/node-mongodb-native' ]
2 info using npm@3.10.3
3 info using node@v6.3.1
4 silly loadCurrentTree Starting
5 silly install loadCurrentTree
6 silly install readLocalPackageData
7 silly fetchPackageMetaData path/to/node-mongodb-native
8 silly fetchOtherPackageData path/to/node-mongodb-native
9 silly cache add args [ 'path/to/node-mongodb-native', null ]
10 verbose cache add spec path/to/node-mongodb-native
11 silly cache add parsed spec Result {
11 silly cache add   raw: 'path/to/node-mongodb-native',
11 silly cache add   scope: null,
11 silly cache add   escapedName: null,
11 silly cache add   name: null,
11 silly cache add   rawSpec: 'path/to/node-mongodb-native',
11 silly cache add   spec: '/vagrant/week3/tweeter/path/to/node-mongodb-native',
11 silly cache add   type: 'local' }
12 error addLocal Could not install /vagrant/week3/tweeter/path/to/node-mongodb-native
13 silly fetchPackageMetaData Error: ENOENT: no such file or directory, open '/vagrant/week3/tweeter/path/to/node-mongodb-native'
13 silly fetchPackageMetaData     at Error (native)
13 silly fetchPackageMetaData  error for path/to/node-mongodb-native { Error: ENOENT: no such file or directory, open '/vagrant/week3/tweeter/path/to/node-mongodb-native'
13 silly fetchPackageMetaData     at Error (native)
13 silly fetchPackageMetaData   errno: -2,
13 silly fetchPackageMetaData   code: 'ENOENT',
13 silly fetchPackageMetaData   syscall: 'open',
13 silly fetchPackageMetaData   path: '/vagrant/week3/tweeter/path/to/node-mongodb-native' }
14 silly rollbackFailedOptional Starting
15 silly rollbackFailedOptional Finishing
16 silly runTopLevelLifecycles Starting
17 silly runTopLevelLifecycles Finishing
18 silly install printInstalled
19 verbose stack Error: ENOENT: no such file or directory, open '/vagrant/week3/tweeter/path/to/node-mongodb-native'
19 verbose stack     at Error (native)
20 verbose cwd /vagrant/week3/tweeter
21 error Linux 4.4.0-21-generic
22 error argv "/home/vagrant/.nvm/versions/node/v6.3.1/bin/node" "/home/vagrant/.nvm/versions/node/v6.3.1/bin/npm" "install" "path/to/node-mongodb-native"
23 error node v6.3.1
24 error npm  v3.10.3
25 error path /vagrant/week3/tweeter/path/to/node-mongodb-native
26 error code ENOENT
27 error errno -2
28 error syscall open
29 error enoent ENOENT: no such file or directory, open '/vagrant/week3/tweeter/path/to/node-mongodb-native'
30 error enoent ENOENT: no such file or directory, open '/vagrant/week3/tweeter/path/to/node-mongodb-native'
30 error enoent This is most likely not a problem with npm itself
30 error enoent and is related to npm not being able to find a file.
31 verbose exit [ -2, true ]
